<?xml version="1.0" encoding="UTF-8"?>
<!-- Generated by org.testng.reporters.JUnitXMLReporter -->
<testsuite ignored="0" hostname="Jabeds-MacBook-Air.local" failures="2" tests="2" name="Default test" time="8.653" errors="0" timestamp="26 Mar 2022 18:19:16 GMT">
  <testcase classname="io.cucumber.testng.AbstractTestNGCucumberTests" name="runScenario" time="5.975">
    <failure type="java.lang.NullPointerException">
      <![CDATA[java.lang.NullPointerException
at com.careerhack.steps.GoogleSearchHeist.i_enter_a_search(GoogleSearchHeist.java:31)
at ✽.i enter a search "<keyword>"(file:///Users/jabed/eclipse-workspace/QAHeistQAF/Features/GoogleSearchHeist.feature:6)
]]>
    </failure>
  </testcase> <!-- runScenario -->
  <testcase classname="io.cucumber.testng.AbstractTestNGCucumberTests" name="runScenario" time="2.295">
    <failure type="java.lang.NullPointerException">
      <![CDATA[java.lang.NullPointerException
at com.careerhack.steps.GoogleSearchHeist.i_enter_a_search(GoogleSearchHeist.java:31)
at ✽.i enter a search "<keyword>"(file:///Users/jabed/eclipse-workspace/QAHeistQAF/Features/GoogleSearchHeist.feature:6)
]]>
    </failure>
  </testcase> <!-- runScenario -->
</testsuite> <!-- Default test -->
